[29-Mar-2026 11:54:19 Europe/London] Uncaught Exception: You have an error in your SQL syntax; check the manual that corresponds to your MariaDB server version for the right syntax to use near '' at line 1 in /Applications/XAMPP/xamppfiles/htdocs/culture-connect/CultureConnect/06ViewOfferings.php on line 35
[29-Mar-2026 11:57:07 Europe/London] Uncaught Exception: Unknown column 'location' in 'where clause' in /Applications/XAMPP/xamppfiles/htdocs/culture-connect/CultureConnect/06ViewOfferings.php on line 37
[29-Mar-2026 12:05:03 Europe/London] Uncaught Exception: Unknown column 'loc_id_fk' in 'where clause' in /Applications/XAMPP/xamppfiles/htdocs/culture-connect/CultureConnect/06ViewOfferings.php on line 37
[01-Apr-2026 00:43:47 Europe/London] PHP Notice:  session_start(): Ignoring session_start() because a session is already active in /Applications/XAMPP/xamppfiles/htdocs/culture-connect/CultureConnect/templates/template_navbar.php on line 4
[01-Apr-2026 00:43:47 Europe/London] PHP Notice:  session_start(): Ignoring session_start() because a session is already active in /Applications/XAMPP/xamppfiles/htdocs/culture-connect/CultureConnect/templates/template_navbar.php on line 10
[01-Apr-2026 00:43:47 Europe/London] PHP Warning:  include(templates\template_footer.php): Failed to open stream: No such file or directory in /Applications/XAMPP/xamppfiles/htdocs/culture-connect/CultureConnect/00Home.php on line 101
[01-Apr-2026 00:43:47 Europe/London] PHP Warning:  include(): Failed opening 'templates\template_footer.php' for inclusion (include_path='.:/Applications/XAMPP/xamppfiles/lib/php') in /Applications/XAMPP/xamppfiles/htdocs/culture-connect/CultureConnect/00Home.php on line 101
[01-Apr-2026 00:44:06 Europe/London] PHP Warning:  include(templates\template_footer.php): Failed to open stream: No such file or directory in /Applications/XAMPP/xamppfiles/htdocs/culture-connect/CultureConnect/00Login.php on line 63
[01-Apr-2026 00:44:06 Europe/London] PHP Warning:  include(): Failed opening 'templates\template_footer.php' for inclusion (include_path='.:/Applications/XAMPP/xamppfiles/lib/php') in /Applications/XAMPP/xamppfiles/htdocs/culture-connect/CultureConnect/00Login.php on line 63
[01-Apr-2026 00:44:11 Europe/London] PHP Notice:  session_start(): Ignoring session_start() because a session is already active in /Applications/XAMPP/xamppfiles/htdocs/culture-connect/CultureConnect/templates/template_navbar.php on line 4
[01-Apr-2026 00:44:11 Europe/London] PHP Notice:  session_start(): Ignoring session_start() because a session is already active in /Applications/XAMPP/xamppfiles/htdocs/culture-connect/CultureConnect/templates/template_navbar.php on line 10
[01-Apr-2026 00:44:11 Europe/London] PHP Warning:  include(templates\template_footer.php): Failed to open stream: No such file or directory in /Applications/XAMPP/xamppfiles/htdocs/culture-connect/CultureConnect/00Home.php on line 101
[01-Apr-2026 00:44:11 Europe/London] PHP Warning:  include(): Failed opening 'templates\template_footer.php' for inclusion (include_path='.:/Applications/XAMPP/xamppfiles/lib/php') in /Applications/XAMPP/xamppfiles/htdocs/culture-connect/CultureConnect/00Home.php on line 101
[01-Apr-2026 00:44:50 Europe/London] PHP Notice:  session_start(): Ignoring session_start() because a session is already active in /Applications/XAMPP/xamppfiles/htdocs/culture-connect/CultureConnect/templates/template_navbar.php on line 4
[01-Apr-2026 00:44:50 Europe/London] PHP Notice:  session_start(): Ignoring session_start() because a session is already active in /Applications/XAMPP/xamppfiles/htdocs/culture-connect/CultureConnect/templates/template_navbar.php on line 10
[01-Apr-2026 00:44:50 Europe/London] PHP Warning:  include(templates\template_footer.php): Failed to open stream: No such file or directory in /Applications/XAMPP/xamppfiles/htdocs/culture-connect/CultureConnect/00Home.php on line 101
[01-Apr-2026 00:44:50 Europe/London] PHP Warning:  include(): Failed opening 'templates\template_footer.php' for inclusion (include_path='.:/Applications/XAMPP/xamppfiles/lib/php') in /Applications/XAMPP/xamppfiles/htdocs/culture-connect/CultureConnect/00Home.php on line 101
[01-Apr-2026 00:45:01 Europe/London] PHP Warning:  include(templates\template_footer.php): Failed to open stream: No such file or directory in /Applications/XAMPP/xamppfiles/htdocs/culture-connect/CultureConnect/00Login.php on line 63
[01-Apr-2026 00:45:01 Europe/London] PHP Warning:  include(): Failed opening 'templates\template_footer.php' for inclusion (include_path='.:/Applications/XAMPP/xamppfiles/lib/php') in /Applications/XAMPP/xamppfiles/htdocs/culture-connect/CultureConnect/00Login.php on line 63
[01-Apr-2026 00:45:05 Europe/London] PHP Notice:  session_start(): Ignoring session_start() because a session is already active in /Applications/XAMPP/xamppfiles/htdocs/culture-connect/CultureConnect/templates/template_navbar.php on line 4
[01-Apr-2026 00:45:05 Europe/London] PHP Notice:  session_start(): Ignoring session_start() because a session is already active in /Applications/XAMPP/xamppfiles/htdocs/culture-connect/CultureConnect/templates/template_navbar.php on line 10
[01-Apr-2026 00:46:20 Europe/London] Uncaught Exception: Field 'roleId' doesn't have a default value in /Applications/XAMPP/xamppfiles/htdocs/culture-connect/CultureConnect/include/addUser.php on line 28
[01-Apr-2026 00:46:22 Europe/London] PHP Notice:  session_start(): Ignoring session_start() because a session is already active in /Applications/XAMPP/xamppfiles/htdocs/culture-connect/CultureConnect/templates/template_navbar.php on line 4
[01-Apr-2026 00:46:22 Europe/London] PHP Notice:  session_start(): Ignoring session_start() because a session is already active in /Applications/XAMPP/xamppfiles/htdocs/culture-connect/CultureConnect/templates/template_navbar.php on line 10
[01-Apr-2026 00:46:22 Europe/London] PHP Warning:  include(templates\template_footer.php): Failed to open stream: No such file or directory in /Applications/XAMPP/xamppfiles/htdocs/culture-connect/CultureConnect/00Home.php on line 101
[01-Apr-2026 00:46:22 Europe/London] PHP Warning:  include(): Failed opening 'templates\template_footer.php' for inclusion (include_path='.:/Applications/XAMPP/xamppfiles/lib/php') in /Applications/XAMPP/xamppfiles/htdocs/culture-connect/CultureConnect/00Home.php on line 101
[01-Apr-2026 00:47:11 Europe/London] PHP Notice:  session_start(): Ignoring session_start() because a session is already active in /Applications/XAMPP/xamppfiles/htdocs/culture-connect/CultureConnect/templates/template_navbar.php on line 4
[01-Apr-2026 00:47:11 Europe/London] PHP Notice:  session_start(): Ignoring session_start() because a session is already active in /Applications/XAMPP/xamppfiles/htdocs/culture-connect/CultureConnect/templates/template_navbar.php on line 10
[01-Apr-2026 00:57:57 Europe/London] PHP Notice:  session_start(): Ignoring session_start() because a session is already active in /Applications/XAMPP/xamppfiles/htdocs/culture-connect/CultureConnect/templates/template_navbar.php on line 4
[01-Apr-2026 00:57:57 Europe/London] PHP Notice:  session_start(): Ignoring session_start() because a session is already active in /Applications/XAMPP/xamppfiles/htdocs/culture-connect/CultureConnect/templates/template_navbar.php on line 10
[01-Apr-2026 00:58:04 Europe/London] PHP Notice:  session_start(): Ignoring session_start() because a session is already active in /Applications/XAMPP/xamppfiles/htdocs/culture-connect/CultureConnect/templates/template_navbar.php on line 4
[01-Apr-2026 00:58:04 Europe/London] PHP Notice:  session_start(): Ignoring session_start() because a session is already active in /Applications/XAMPP/xamppfiles/htdocs/culture-connect/CultureConnect/templates/template_navbar.php on line 10
[01-Apr-2026 00:58:06 Europe/London] PHP Notice:  session_start(): Ignoring session_start() because a session is already active in /Applications/XAMPP/xamppfiles/htdocs/culture-connect/CultureConnect/templates/template_navbar.php on line 4
[01-Apr-2026 00:58:06 Europe/London] PHP Notice:  session_start(): Ignoring session_start() because a session is already active in /Applications/XAMPP/xamppfiles/htdocs/culture-connect/CultureConnect/templates/template_navbar.php on line 10
[01-Apr-2026 00:58:11 Europe/London] PHP Warning:  include(templates\template_navbar.php): Failed to open stream: No such file or directory in /Applications/XAMPP/xamppfiles/htdocs/culture-connect/CultureConnect/98SiteMap.php on line 16
[01-Apr-2026 00:58:11 Europe/London] PHP Warning:  include(): Failed opening 'templates\template_navbar.php' for inclusion (include_path='.:/Applications/XAMPP/xamppfiles/lib/php') in /Applications/XAMPP/xamppfiles/htdocs/culture-connect/CultureConnect/98SiteMap.php on line 16
[01-Apr-2026 00:58:11 Europe/London] PHP Warning:  include(templates\template_footer.php): Failed to open stream: No such file or directory in /Applications/XAMPP/xamppfiles/htdocs/culture-connect/CultureConnect/98SiteMap.php on line 47
[01-Apr-2026 00:58:11 Europe/London] PHP Warning:  include(): Failed opening 'templates\template_footer.php' for inclusion (include_path='.:/Applications/XAMPP/xamppfiles/lib/php') in /Applications/XAMPP/xamppfiles/htdocs/culture-connect/CultureConnect/98SiteMap.php on line 47
[01-Apr-2026 00:58:15 Europe/London] PHP Notice:  session_start(): Ignoring session_start() because a session is already active in /Applications/XAMPP/xamppfiles/htdocs/culture-connect/CultureConnect/templates/template_navbar.php on line 4
[01-Apr-2026 00:58:15 Europe/London] PHP Notice:  session_start(): Ignoring session_start() because a session is already active in /Applications/XAMPP/xamppfiles/htdocs/culture-connect/CultureConnect/templates/template_navbar.php on line 10
[01-Apr-2026 00:58:24 Europe/London] PHP Notice:  session_start(): Ignoring session_start() because a session is already active in /Applications/XAMPP/xamppfiles/htdocs/culture-connect/CultureConnect/templates/template_navbar.php on line 4
[01-Apr-2026 00:58:24 Europe/London] PHP Notice:  session_start(): Ignoring session_start() because a session is already active in /Applications/XAMPP/xamppfiles/htdocs/culture-connect/CultureConnect/templates/template_navbar.php on line 10
[01-Apr-2026 00:58:59 Europe/London] Uncaught Exception: Field 'roleId' doesn't have a default value in /Applications/XAMPP/xamppfiles/htdocs/culture-connect/CultureConnect/include/addUser.php on line 28
[01-Apr-2026 01:08:18 Europe/London] PHP Notice:  session_start(): Ignoring session_start() because a session is already active in /Applications/XAMPP/xamppfiles/htdocs/culture-connect/CultureConnect/templates/template_navbar.php on line 4
[01-Apr-2026 01:08:18 Europe/London] PHP Notice:  session_start(): Ignoring session_start() because a session is already active in /Applications/XAMPP/xamppfiles/htdocs/culture-connect/CultureConnect/templates/template_navbar.php on line 10
[01-Apr-2026 01:08:51 Europe/London] Uncaught Exception: Field 'roleId' doesn't have a default value in /Applications/XAMPP/xamppfiles/htdocs/culture-connect/CultureConnect/include/addUser.php on line 28
[01-Apr-2026 01:09:32 Europe/London] PHP Notice:  session_start(): Ignoring session_start() because a session is already active in /Applications/XAMPP/xamppfiles/htdocs/culture-connect/CultureConnect/templates/template_navbar.php on line 4
[01-Apr-2026 01:09:32 Europe/London] PHP Notice:  session_start(): Ignoring session_start() because a session is already active in /Applications/XAMPP/xamppfiles/htdocs/culture-connect/CultureConnect/templates/template_navbar.php on line 10
[01-Apr-2026 01:10:06 Europe/London] Uncaught Exception: Field 'roleId' doesn't have a default value in /Applications/XAMPP/xamppfiles/htdocs/culture-connect/CultureConnect/include/addUser.php on line 28
[01-Apr-2026 01:13:38 Europe/London] PHP Notice:  session_start(): Ignoring session_start() because a session is already active in /Applications/XAMPP/xamppfiles/htdocs/culture-connect/CultureConnect/templates/template_navbar.php on line 4
[01-Apr-2026 01:13:38 Europe/London] PHP Notice:  session_start(): Ignoring session_start() because a session is already active in /Applications/XAMPP/xamppfiles/htdocs/culture-connect/CultureConnect/templates/template_navbar.php on line 10
[01-Apr-2026 01:14:34 Europe/London] Uncaught Exception: Field 'roleId' doesn't have a default value in /Applications/XAMPP/xamppfiles/htdocs/culture-connect/CultureConnect/include/addUser.php on line 28
[01-Apr-2026 01:21:24 Europe/London] PHP Notice:  session_start(): Ignoring session_start() because a session is already active in /Applications/XAMPP/xamppfiles/htdocs/culture-connect/CultureConnect/templates/template_navbar.php on line 4
[01-Apr-2026 01:21:24 Europe/London] PHP Notice:  session_start(): Ignoring session_start() because a session is already active in /Applications/XAMPP/xamppfiles/htdocs/culture-connect/CultureConnect/templates/template_navbar.php on line 10
[01-Apr-2026 01:24:26 Europe/London] PHP Notice:  session_start(): Ignoring session_start() because a session is already active in /Applications/XAMPP/xamppfiles/htdocs/culture-connect/CultureConnect/templates/template_navbar.php on line 4
[01-Apr-2026 01:24:26 Europe/London] PHP Notice:  session_start(): Ignoring session_start() because a session is already active in /Applications/XAMPP/xamppfiles/htdocs/culture-connect/CultureConnect/templates/template_navbar.php on line 10
[01-Apr-2026 01:25:12 Europe/London] Uncaught Exception: Field 'roleId' doesn't have a default value in /Applications/XAMPP/xamppfiles/htdocs/culture-connect/CultureConnect/include/addUser.php on line 28
[01-Apr-2026 01:39:20 Europe/London] Uncaught Exception: Field 'roleId' doesn't have a default value in /Applications/XAMPP/xamppfiles/htdocs/culture-connect/CultureConnect/include/addUser.php on line 28
